# JRE version: Java(TM) SE Runtime Environment (21.0.5+9) (build 21.0.5+9-LTS-239)
# Java VM: Java HotSpot(TM) 64-Bit Server VM (21.0.5+9-LTS-239, mixed mode, sharing, tiered, compressed oops, compressed class ptrs, g1 gc, windows-amd64)
GC Precious Log:
 CardTable entry size: 512
 Card Set container configuration: InlinePtr #cards 4 size 8 Array Of Cards #cards 32 size 80 Howl #buckets 8 coarsen threshold 7372 Howl Bitmap #cards 1024 size 144 coarsen threshold 921 Card regions per heap region 1 cards per card region 8192
 CPUs: 8 total, 8 available
 Memory: 16226M
 Large Page Support: Disabled
 NUMA Support: Disabled
 Compressed Oops: Enabled (Zero based)
 Heap Region Size: 4M
 Heap Min Capacity: 8M
 Heap Initial Capacity: 256M
 Heap Max Capacity: 8G
 Pre-touch: Disabled
 Parallel Workers: 8
 Concurrent Workers: 2
 Concurrent Refinement Workers: 8
 Periodic GC: Disabled
Heap:
 garbage-first heap   total 266240K, used 232052K [0x0000000600000000, 0x0000000800000000)
  region size 4096K, 20 young (81920K), 3 survivors (12288K)
 Metaspace       used 107606K, committed 110016K, reserved 1179648K
  class space    used 14994K, committed 16192K, reserved 1048576K
GC Heap History (20 events):
Event: 41.553 GC heap after
{Heap after GC invocations=33 (full 0):
 garbage-first heap   total 180224K, used 101776K [0x0000000600000000, 0x0000000800000000)
  region size 4096K, 2 young (8192K), 2 survivors (8192K)
 Metaspace       used 86599K, committed 88704K, reserved 1179648K
  class space    used 12383K, committed 13440K, reserved 1048576K
}
Event: 42.713 GC heap before
{Heap before GC invocations=33 (full 0):
 garbage-first heap   total 180224K, used 150928K [0x0000000600000000, 0x0000000800000000)
  region size 4096K, 15 young (61440K), 2 survivors (8192K)
 Metaspace       used 89632K, committed 91776K, reserved 1179648K
  class space    used 12771K, committed 13888K, reserved 1048576K
}
Event: 42.718 GC heap after
{Heap after GC invocations=34 (full 0):
 garbage-first heap   total 180224K, used 107083K [0x0000000600000000, 0x0000000800000000)
  region size 4096K, 2 young (8192K), 2 survivors (8192K)
 Metaspace       used 89632K, committed 91776K, reserved 1179648K
  class space    used 12771K, committed 13888K, reserved 1048576K
}
Event: 43.520 GC heap before
{Heap before GC invocations=35 (full 0):
 garbage-first heap   total 192512K, used 156235K [0x0000000600000000, 0x0000000800000000)
  region size 4096K, 14 young (57344K), 2 survivors (8192K)
 Metaspace       used 93275K, committed 95424K, reserved 1179648K
  class space    used 13245K, committed 14336K, reserved 1048576K
}
Event: 43.526 GC heap after
{Heap after GC invocations=36 (full 0):
 garbage-first heap   total 192512K, used 110099K [0x0000000600000000, 0x0000000800000000)
  region size 4096K, 1 young (4096K), 1 survivors (4096K)
 Metaspace       used 93275K, committed 95424K, reserved 1179648K
  class space    used 13245K, committed 14336K, reserved 1048576K
}
Event: 44.920 GC heap before
{Heap before GC invocations=36 (full 0):
 garbage-first heap   total 192512K, used 171539K [0x0000000600000000, 0x0000000800000000)
  region size 4096K, 15 young (61440K), 1 survivors (4096K)
 Metaspace       used 94864K, committed 97024K, reserved 1179648K
  class space    used 13455K, committed 14528K, reserved 1048576K
}
Event: 44.932 GC heap after
{Heap after GC invocations=37 (full 0):
 garbage-first heap   total 192512K, used 118784K [0x0000000600000000, 0x0000000800000000)
  region size 4096K, 2 young (8192K), 2 survivors (8192K)
 Metaspace       used 94864K, committed 97024K, reserved 1179648K
  class space    used 13455K, committed 14528K, reserved 1048576K
}
Event: 48.989 GC heap before
{Heap before GC invocations=37 (full 0):
 garbage-first heap   total 192512K, used 172032K [0x0000000600000000, 0x0000000800000000)
  region size 4096K, 15 young (61440K), 2 survivors (8192K)
 Metaspace       used 95329K, committed 97536K, reserved 1179648K
  class space    used 13495K, committed 14592K, reserved 1048576K
}
Event: 48.996 GC heap after
{Heap after GC invocations=38 (full 0):
 garbage-first heap   total 192512K, used 123900K [0x0000000600000000, 0x0000000800000000)
  region size 4096K, 2 young (8192K), 2 survivors (8192K)
 Metaspace       used 95329K, committed 97536K, reserved 1179648K
  class space    used 13495K, committed 14592K, reserved 1048576K
}
Event: 49.183 GC heap before
{Heap before GC invocations=39 (full 0):
 garbage-first heap   total 253952K, used 160764K [0x0000000600000000, 0x0000000800000000)
  region size 4096K, 12 young (49152K), 2 survivors (8192K)
 Metaspace       used 95369K, committed 97600K, reserved 1179648K
  class space    used 13495K, committed 14592K, reserved 1048576K
}
Event: 49.189 GC heap after
{Heap after GC invocations=40 (full 0):
 garbage-first heap   total 253952K, used 127308K [0x0000000600000000, 0x0000000800000000)
  region size 4096K, 1 young (4096K), 1 survivors (4096K)
 Metaspace       used 95369K, committed 97600K, reserved 1179648K
  class space    used 13495K, committed 14592K, reserved 1048576K
}
Event: 49.467 GC heap before
{Heap before GC invocations=40 (full 0):
 garbage-first heap   total 253952K, used 217420K [0x0000000600000000, 0x0000000800000000)
  region size 4096K, 24 young (98304K), 1 survivors (4096K)
 Metaspace       used 95370K, committed 97600K, reserved 1179648K
  class space    used 13495K, committed 14592K, reserved 1048576K
}
Event: 49.474 GC heap after
{Heap after GC invocations=41 (full 0):
 garbage-first heap   total 253952K, used 128654K [0x0000000600000000, 0x0000000800000000)
  region size 4096K, 2 young (8192K), 2 survivors (8192K)
 Metaspace       used 95370K, committed 97600K, reserved 1179648K
  class space    used 13495K, committed 14592K, reserved 1048576K
}
Event: 52.100 GC heap before
{Heap before GC invocations=41 (full 0):
 garbage-first heap   total 253952K, used 157326K [0x0000000600000000, 0x0000000800000000)
  region size 4096K, 11 young (45056K), 2 survivors (8192K)
 Metaspace       used 95378K, committed 97664K, reserved 1179648K
  class space    used 13495K, committed 14592K, reserved 1048576K
}
Event: 52.107 GC heap after
{Heap after GC invocations=42 (full 0):
 garbage-first heap   total 253952K, used 132250K [0x0000000600000000, 0x0000000800000000)
  region size 4096K, 3 young (12288K), 3 survivors (12288K)
 Metaspace       used 95378K, committed 97664K, reserved 1179648K
  class space    used 13495K, committed 14592K, reserved 1048576K
}
Event: 54.385 GC heap before
{Heap before GC invocations=43 (full 0):
 garbage-first heap   total 253952K, used 218266K [0x0000000600000000, 0x0000000800000000)
  region size 4096K, 24 young (98304K), 3 survivors (12288K)
 Metaspace       used 99223K, committed 101568K, reserved 1179648K
  class space    used 14022K, committed 15232K, reserved 1048576K
}
Event: 54.392 GC heap after
{Heap after GC invocations=44 (full 0):
 garbage-first heap   total 253952K, used 142795K [0x0000000600000000, 0x0000000800000000)
  region size 4096K, 3 young (12288K), 3 survivors (12288K)
 Metaspace       used 99223K, committed 101568K, reserved 1179648K
  class space    used 14022K, committed 15232K, reserved 1048576K
}
Event: 55.310 GC heap before
{Heap before GC invocations=44 (full 0):
 garbage-first heap   total 253952K, used 228811K [0x0000000600000000, 0x0000000800000000)
  region size 4096K, 23 young (94208K), 3 survivors (12288K)
 Metaspace       used 107099K, committed 109568K, reserved 1179648K
  class space    used 14955K, committed 16128K, reserved 1048576K
}
Event: 55.327 GC heap after
{Heap after GC invocations=45 (full 0):
 garbage-first heap   total 262144K, used 162420K [0x0000000600000000, 0x0000000800000000)
  region size 4096K, 3 young (12288K), 3 survivors (12288K)
 Metaspace       used 107099K, committed 109568K, reserved 1179648K
  class space    used 14955K, committed 16128K, reserved 1048576K
}
Event: 55.830 GC heap before
{Heap before GC invocations=45 (full 0):
 garbage-first heap   total 262144K, used 232052K [0x0000000600000000, 0x0000000800000000)
  region size 4096K, 20 young (81920K), 3 survivors (12288K)
 Metaspace       used 107606K, committed 110016K, reserved 1179648K
  class space    used 14994K, committed 16192K, reserved 1048576K
}

