# JRE version: OpenJDK Runtime Environment (21.0.6) (build 21.0.6+-13368085-b895.109)
# Java VM: OpenJDK 64-Bit Server VM (21.0.6+-13368085-b895.109, mixed mode, tiered, compressed oops, compressed class ptrs, g1 gc, windows-amd64)
GC Precious Log:
 CardTable entry size: 512
 Card Set container configuration: InlinePtr #cards 4 size 8 Array Of Cards #cards 32 size 80 Howl #buckets 8 coarsen threshold 7372 Howl Bitmap #cards 1024 size 144 coarsen threshold 921 Card regions per heap region 1 cards per card region 8192
 CPUs: 8 total, 8 available
 Memory: 16226M
 Large Page Support: Disabled
 NUMA Support: Disabled
 Compressed Oops: Enabled (Zero based)
 Heap Region Size: 4M
 Heap Min Capacity: 8M
 Heap Initial Capacity: 256M
 Heap Max Capacity: 8G
 Pre-touch: Disabled
 Parallel Workers: 8
 Concurrent Workers: 2
 Concurrent Refinement Workers: 8
 Periodic GC: Disabled
Heap:
 garbage-first heap   total 778240K, used 653574K [0x0000000600000000, 0x0000000800000000)
  region size 4096K, 64 young (262144K), 9 survivors (36864K)
 Metaspace       used 191459K, committed 194624K, reserved 1245184K
  class space    used 25008K, committed 26496K, reserved 1048576K
GC Heap History (20 events):
Event: 406.332 GC heap after
{Heap after GC invocations=66 (full 0):
 garbage-first heap   total 561152K, used 328631K [0x0000000600000000, 0x0000000800000000)
  region size 4096K, 7 young (28672K), 7 survivors (28672K)
 Metaspace       used 145345K, committed 148224K, reserved 1179648K
  class space    used 19447K, committed 20800K, reserved 1048576K
}
Event: 406.355 GC heap before
{Heap before GC invocations=66 (full 0):
 garbage-first heap   total 561152K, used 332727K [0x0000000600000000, 0x0000000800000000)
  region size 4096K, 9 young (36864K), 7 survivors (28672K)
 Metaspace       used 145357K, committed 148224K, reserved 1179648K
  class space    used 19448K, committed 20800K, reserved 1048576K
}
Event: 406.370 GC heap after
{Heap after GC invocations=67 (full 0):
 garbage-first heap   total 561152K, used 332362K [0x0000000600000000, 0x0000000800000000)
  region size 4096K, 2 young (8192K), 2 survivors (8192K)
 Metaspace       used 145357K, committed 148224K, reserved 1179648K
  class space    used 19448K, committed 20800K, reserved 1048576K
}
Event: 407.836 GC heap before
{Heap before GC invocations=68 (full 0):
 garbage-first heap   total 630784K, used 549450K [0x0000000600000000, 0x0000000800000000)
  region size 4096K, 46 young (188416K), 2 survivors (8192K)
 Metaspace       used 145549K, committed 148416K, reserved 1179648K
  class space    used 19450K, committed 20800K, reserved 1048576K
}
Event: 407.840 GC heap after
{Heap after GC invocations=69 (full 0):
 garbage-first heap   total 630784K, used 289862K [0x0000000600000000, 0x0000000800000000)
  region size 4096K, 1 young (4096K), 1 survivors (4096K)
 Metaspace       used 145549K, committed 148416K, reserved 1179648K
  class space    used 19450K, committed 20800K, reserved 1048576K
}
Event: 1302.654 GC heap before
{Heap before GC invocations=69 (full 0):
 garbage-first heap   total 630784K, used 576582K [0x0000000600000000, 0x0000000800000000)
  region size 4096K, 72 young (294912K), 1 survivors (4096K)
 Metaspace       used 146046K, committed 148864K, reserved 1179648K
  class space    used 19460K, committed 20800K, reserved 1048576K
}
Event: 1302.686 GC heap after
{Heap after GC invocations=70 (full 0):
 garbage-first heap   total 638976K, used 284619K [0x0000000600000000, 0x0000000800000000)
  region size 4096K, 8 young (32768K), 8 survivors (32768K)
 Metaspace       used 146046K, committed 148864K, reserved 1179648K
  class space    used 19460K, committed 20800K, reserved 1048576K
}
Event: 1316.569 GC heap before
{Heap before GC invocations=70 (full 0):
 garbage-first heap   total 638976K, used 559051K [0x0000000600000000, 0x0000000800000000)
  region size 4096K, 76 young (311296K), 8 survivors (32768K)
 Metaspace       used 155151K, committed 158080K, reserved 1245184K
  class space    used 20363K, committed 21760K, reserved 1048576K
}
Event: 1316.601 GC heap after
{Heap after GC invocations=71 (full 0):
 garbage-first heap   total 638976K, used 302942K [0x0000000600000000, 0x0000000800000000)
  region size 4096K, 5 young (20480K), 5 survivors (20480K)
 Metaspace       used 155151K, committed 158080K, reserved 1245184K
  class space    used 20363K, committed 21760K, reserved 1048576K
}
Event: 1319.860 GC heap before
{Heap before GC invocations=72 (full 0):
 garbage-first heap   total 638976K, used 569182K [0x0000000600000000, 0x0000000800000000)
  region size 4096K, 71 young (290816K), 5 survivors (20480K)
 Metaspace       used 167398K, committed 170432K, reserved 1245184K
  class space    used 21763K, committed 23232K, reserved 1048576K
}
Event: 1319.884 GC heap after
{Heap after GC invocations=73 (full 0):
 garbage-first heap   total 638976K, used 329532K [0x0000000600000000, 0x0000000800000000)
  region size 4096K, 9 young (36864K), 9 survivors (36864K)
 Metaspace       used 167398K, committed 170432K, reserved 1245184K
  class space    used 21763K, committed 23232K, reserved 1048576K
}
Event: 1322.620 GC heap before
{Heap before GC invocations=73 (full 0):
 garbage-first heap   total 638976K, used 558908K [0x0000000600000000, 0x0000000800000000)
  region size 4096K, 66 young (270336K), 9 survivors (36864K)
 Metaspace       used 169060K, committed 172160K, reserved 1245184K
  class space    used 21830K, committed 23296K, reserved 1048576K
}
Event: 1322.657 GC heap after
{Heap after GC invocations=74 (full 0):
 garbage-first heap   total 638976K, used 343335K [0x0000000600000000, 0x0000000800000000)
  region size 4096K, 6 young (24576K), 6 survivors (24576K)
 Metaspace       used 169060K, committed 172160K, reserved 1245184K
  class space    used 21830K, committed 23296K, reserved 1048576K
}
Event: 1323.697 GC heap before
{Heap before GC invocations=74 (full 0):
 garbage-first heap   total 638976K, used 449831K [0x0000000600000000, 0x0000000800000000)
  region size 4096K, 34 young (139264K), 6 survivors (24576K)
 Metaspace       used 169561K, committed 172608K, reserved 1245184K
  class space    used 21858K, committed 23296K, reserved 1048576K
}
Event: 1323.704 GC heap after
{Heap after GC invocations=75 (full 0):
 garbage-first heap   total 638976K, used 335271K [0x0000000600000000, 0x0000000800000000)
  region size 4096K, 2 young (8192K), 2 survivors (8192K)
 Metaspace       used 169561K, committed 172608K, reserved 1245184K
  class space    used 21858K, committed 23296K, reserved 1048576K
}
Event: 1325.476 GC heap before
{Heap before GC invocations=76 (full 0):
 garbage-first heap   total 716800K, used 691623K [0x0000000600000000, 0x0000000800000000)
  region size 4096K, 62 young (253952K), 2 survivors (8192K)
 Metaspace       used 179913K, committed 182976K, reserved 1245184K
  class space    used 23329K, committed 24768K, reserved 1048576K
}
Event: 1325.500 GC heap after
{Heap after GC invocations=77 (full 0):
 garbage-first heap   total 757760K, used 387245K [0x0000000600000000, 0x0000000800000000)
  region size 4096K, 8 young (32768K), 8 survivors (32768K)
 Metaspace       used 179913K, committed 182976K, reserved 1245184K
  class space    used 23329K, committed 24768K, reserved 1048576K
}
Event: 1326.857 GC heap before
{Heap before GC invocations=77 (full 0):
 garbage-first heap   total 757760K, used 657581K [0x0000000600000000, 0x0000000800000000)
  region size 4096K, 75 young (307200K), 8 survivors (32768K)
 Metaspace       used 189317K, committed 192448K, reserved 1245184K
  class space    used 24715K, committed 26176K, reserved 1048576K
}
Event: 1326.939 GC heap after
{Heap after GC invocations=78 (full 0):
 garbage-first heap   total 778240K, used 428294K [0x0000000600000000, 0x0000000800000000)
  region size 4096K, 10 young (40960K), 10 survivors (40960K)
 Metaspace       used 189317K, committed 192448K, reserved 1245184K
  class space    used 24715K, committed 26176K, reserved 1048576K
}
Event: 1327.753 GC heap before
{Heap before GC invocations=78 (full 0):
 garbage-first heap   total 778240K, used 649478K [0x0000000600000000, 0x0000000800000000)
  region size 4096K, 65 young (266240K), 10 survivors (40960K)
 Metaspace       used 191459K, committed 194624K, reserved 1245184K
  class space    used 25008K, committed 26496K, reserved 1048576K
}

